"H:/Fall classes 2020/project test/Gurn/Content/UI/MainMenu.uasset" 0
"H:/Fall classes 2020/project test/Gurn/Content/UI/OldSpellCasting/SpellCastOverlay.uasset" 1
"H:/Fall classes 2020/project test/Gurn/Content/FORTESTONLY/Mannequin/Character/Mesh/UE4_Mannequin_Skeleton.uasset" 2
"H:/Fall classes 2020/project test/Gurn/Content/FORTESTONLY/Mannequin/Animations/ThirdPerson_Jump.uasset" 3
"H:/Fall classes 2020/project test/Gurn/Content/FORTESTONLY/Mannequin/Animations/ThirdPersonJump_Loop.uasset" 4
"H:/Fall classes 2020/project test/Gurn/Content/FORTESTONLY/Mannequin/Animations/ThirdPersonJump_Start.uasset" 5
"H:/Fall classes 2020/project test/Gurn/Content/FORTESTONLY/Mannequin/Animations/ThirdPersonIdle.uasset" 6
"H:/Fall classes 2020/project test/Gurn/Content/FORTESTONLY/Mannequin/Animations/ThirdPersonRun.uasset" 7
"H:/Fall classes 2020/project test/Gurn/Content/FORTESTONLY/Mannequin/Animations/ThirdPersonWalk.uasset" 8
"H:/Fall classes 2020/project test/Gurn/Content/FORTESTONLY/Mannequin/Animations/ThirdPerson_IdleRun_2D.uasset" 9
"../../../Engine/Content/EditorBlueprintResources/StandardMacros.uasset" 10
"H:/Fall classes 2020/project test/Gurn/Content/FORTESTONLY/Mannequin/Animations/ThirdPerson_AnimBP.uasset" 11
"H:/Fall classes 2020/project test/Gurn/Content/FORTESTONLY/CastingSystem/Animations/Standing_2H_Magic_Attack_04.uasset" 12
"H:/Fall classes 2020/project test/Gurn/Content/FORTESTONLY/CastingSystem/Animations/Standing_2H_Magic_Attack_04_Montage.uasset" 13
"H:/Fall classes 2020/project test/Gurn/Content/FORTESTONLY/Mannequin/Animations/Attack_PrimaryA.uasset" 14
"H:/Fall classes 2020/project test/Gurn/Content/FORTESTONLY/Mannequin/Animations/Attack_PrimaryA_Montage.uasset" 15
"H:/Fall classes 2020/project test/Gurn/Content/FORTESTONLY/366788__gidion__owi-box-falling-on-ground.uasset" 16
"../../../Engine/Content/Functions/Engine_MaterialFunctions02/Utility/BlendAngleCorrectedNormals.uasset" 17
"../../../Engine/Content/Functions/MaterialLayerFunctions/MatLayerBlend_NormalBlend.uasset" 18
"../../../Engine/Content/Functions/MaterialLayerFunctions/MatLayerBlend_Simple.uasset" 19
"H:/Fall classes 2020/project test/Gurn/Content/FORTESTONLY/Mannequin/Character/Materials/MaterialLayers/T_ML_Rubber_Blue_01_D.uasset" 20
"H:/Fall classes 2020/project test/Gurn/Content/FORTESTONLY/Mannequin/Character/Materials/MaterialLayers/T_ML_Rubber_Blue_01_N.uasset" 21
"H:/Fall classes 2020/project test/Gurn/Content/FORTESTONLY/Mannequin/Character/Materials/MaterialLayers/ML_GlossyBlack_Latex_UE4.uasset" 22
"H:/Fall classes 2020/project test/Gurn/Content/FORTESTONLY/Mannequin/Character/Materials/MaterialLayers/ML_Plastic_Shiny_Beige.uasset" 23
"H:/Fall classes 2020/project test/Gurn/Content/FORTESTONLY/Mannequin/Character/Textures/UE4_LOGO_CARD.uasset" 24
"H:/Fall classes 2020/project test/Gurn/Content/FORTESTONLY/Mannequin/Character/Materials/MaterialLayers/ML_Plastic_Shiny_Beige_LOGO.uasset" 25
"H:/Fall classes 2020/project test/Gurn/Content/FORTESTONLY/Mannequin/Character/Materials/MaterialLayers/T_ML_Aluminum01.uasset" 26
"H:/Fall classes 2020/project test/Gurn/Content/FORTESTONLY/Mannequin/Character/Materials/MaterialLayers/T_ML_Aluminum01_N.uasset" 27
"H:/Fall classes 2020/project test/Gurn/Content/FORTESTONLY/Mannequin/Character/Materials/MaterialLayers/ML_SoftMetal_UE4.uasset" 28
"H:/Fall classes 2020/project test/Gurn/Content/FORTESTONLY/Mannequin/Character/Textures/UE4_Mannequin__normals.uasset" 29
"H:/Fall classes 2020/project test/Gurn/Content/FORTESTONLY/Mannequin/Character/Textures/UE4_Mannequin_MAT_MASKA.uasset" 30
"H:/Fall classes 2020/project test/Gurn/Content/FORTESTONLY/Mannequin/Character/Materials/M_UE4Man_Body.uasset" 31
"H:/Fall classes 2020/project test/Gurn/Content/FORTESTONLY/Mannequin/Character/Textures/UE4Man_Logo_N.uasset" 32
"H:/Fall classes 2020/project test/Gurn/Content/FORTESTONLY/Mannequin/Character/Materials/M_UE4Man_ChestLogo.uasset" 33
"H:/Fall classes 2020/project test/Gurn/Content/FORTESTONLY/Mannequin/Character/Mesh/SK_Mannequin_PhysicsAsset.uasset" 34
"H:/Fall classes 2020/project test/Gurn/Content/FORTESTONLY/Mannequin/Character/Mesh/SK_Mannequin.uasset" 35
"H:/Fall classes 2020/project test/Gurn/Content/Player/PlayerCharacter1.uasset" 36
"H:/Fall classes 2020/project test/Gurn/Content/Player/PlayerCharacter.uasset" 37
"H:/Fall classes 2020/project test/Gurn/Content/UI/SpellCasting/SpellCastDetailsStruct.uasset" 38
"H:/Fall classes 2020/project test/Gurn/Content/UI/SpellCasting/UI/CastBar_UI.uasset" 39
"H:/Fall classes 2020/project test/Gurn/Content/UI/SpellCasting/SpellCast_Projectile.uasset" 40
"H:/Fall classes 2020/project test/Gurn/Content/FORTESTONLY/CastingSystem/Icons/spell_fire_flamebolt.uasset" 41
"H:/Fall classes 2020/project test/Gurn/Content/StarterContent/Textures/T_Burst_M.uasset" 42
"H:/Fall classes 2020/project test/Gurn/Content/StarterContent/Particles/Materials/M_Burst.uasset" 43
"H:/Fall classes 2020/project test/Gurn/Content/StarterContent/Textures/T_Explosion_SubUV.uasset" 44
"H:/Fall classes 2020/project test/Gurn/Content/StarterContent/Particles/Materials/M_explosion_subUV.uasset" 45
"H:/Fall classes 2020/project test/Gurn/Content/StarterContent/Particles/Materials/m_flare_01.uasset" 46
"../../../Engine/Content/Functions/Engine_MaterialFunctions01/Gradient/RadialGradient.uasset" 47
"H:/Fall classes 2020/project test/Gurn/Content/StarterContent/Particles/Materials/M_radial_ramp.uasset" 48
"H:/Fall classes 2020/project test/Gurn/Content/StarterContent/Textures/T_Smoke_SubUV.uasset" 49
"H:/Fall classes 2020/project test/Gurn/Content/StarterContent/Textures/T_Smoke_Tiled_D.uasset" 50
"H:/Fall classes 2020/project test/Gurn/Content/StarterContent/Particles/Materials/M_smoke_subUV.uasset" 51
"H:/Fall classes 2020/project test/Gurn/Content/StarterContent/Particles/P_Explosion.uasset" 52
"H:/Fall classes 2020/project test/Gurn/Content/UI/SpellCasting/SpellCastProjectiles/Fire/SpellCast_Projectile_Fireball.uasset" 53
"H:/Fall classes 2020/project test/Gurn/Content/Effects/hex_rounded_t.uasset" 54
"H:/Fall classes 2020/project test/Gurn/Content/Effects/hex_rounded_Mat.uasset" 55
"H:/Fall classes 2020/project test/Gurn/Content/Effects/AirEffect_PS.uasset" 56
"H:/Fall classes 2020/project test/Gurn/Content/FORTESTONLY/CastingSystem/Icons/spell_holy_wordfortitude.uasset" 57
"H:/Fall classes 2020/project test/Gurn/Content/StarterContent/Particles/P_Steam_Lit.uasset" 58
"H:/Fall classes 2020/project test/Gurn/Content/UI/SpellCasting/SpellCastProjectiles/Wind/SpellCast_Projectile_WindEffect.uasset" 59
"H:/Fall classes 2020/project test/Gurn/Content/UI/SpellCasting/UI/ActionBarSlots_UI.uasset" 60
"H:/Fall classes 2020/project test/Gurn/Content/UI/SpellCasting/UI/ActionBar_UI.uasset" 61
"H:/Fall classes 2020/project test/Gurn/Content/UI/SpellCasting/UI/HeadsUpDisplay.uasset" 62
"H:/Fall classes 2020/project test/Gurn/Content/GameSettings/LevelGameMode.uasset" 63
"H:/Fall classes 2020/project test/Gurn/Content/Effects/Fireball_PS.uasset" 64
"H:/Fall classes 2020/project test/Gurn/Content/UI/SpellCasting/SpellCast.uasset" 65
"H:/Fall classes 2020/project test/Gurn/Content/UI/SpellCasting/SpellCast_AOE.uasset" 66
"H:/Fall classes 2020/project test/Gurn/Content/UI/SpellCasting/SpellCast_Projectile_1.uasset" 67
"H:/Fall classes 2020/project test/Gurn/Content/UI/SpellCasting/NNML/SpellCastWidget.uasset" 68
"H:/Fall classes 2020/project test/Gurn/Content/UI/SpellCasting/SpellCastProjectiles/Fire/Fireball.uasset" 69
"H:/Fall classes 2020/project test/Gurn/Content/UI/SpellCasting/SpellCastProjectiles/Wind/AirSpell.uasset" 70
"H:/Fall classes 2020/project test/Gurn/Content/UI/SpellCasting/SpellCastProjectiles/Wind/SpellCast_Projectile_Wind.uasset" 71
"../../../Engine/Content/Animation/DefaultAnimCurveCompressionSettings.uasset" 72
"../../../Engine/Content/Functions/Engine_MaterialFunctions01/Opacity/CameraDepthFade.uasset" 73
"../../../Engine/Content/EngineMaterials/T_Default_Material_Grid_M.uasset" 74
"../../../Engine/Content/EngineMaterials/T_Default_Material_Grid_N.uasset" 75
"../../../Engine/Content/EngineMaterials/WorldGridMaterial.uasset" 76
"../../../Engine/Content/ArtTools/RenderToTexture/Meshes/S_1_Unit_Plane.uasset" 77
"../../../Engine/Content/EngineMaterials/DefaultMaterial.uasset" 78
"../../../Engine/Content/BasicShapes/Cone.uasset" 79
"../../../Engine/Content/BasicShapes/Cube.uasset" 80
"../../../Engine/Content/BasicShapes/Cylinder.uasset" 81
"../../../Engine/Content/BasicShapes/Plane.uasset" 82
"../../../Engine/Content/BasicShapes/Sphere.uasset" 83
"../../../Engine/Content/EditorLandscapeResources/DataLayer.uasset" 84
"../../../Engine/Content/EditorMaterials/MAT_Groups_Toggle.uasset" 85
"../../../Engine/Content/EditorMaterials/MAT_Groups_Visibility.uasset" 86
"../../../Engine/Content/EditorMaterials/PreviewShadowIndicator.uasset" 87
"../../../Engine/Content/EditorMaterials/PreviewShadowIndicatorMaterial.uasset" 88
"../../../Engine/Content/EditorMaterials/MatineeGroups/MAT_ColorTrack.uasset" 89
"../../../Engine/Content/EditorMaterials/MatineeGroups/MAT_Groups_Anim.uasset" 90
"../../../Engine/Content/EditorMaterials/MatineeGroups/MAT_Groups_AudioMaster.uasset" 91
"../../../Engine/Content/EditorMaterials/MatineeGroups/MAT_Groups_Director.uasset" 92
"../../../Engine/Content/EditorMaterials/MatineeGroups/MAT_Groups_Event.uasset" 93
"../../../Engine/Content/EditorMaterials/MatineeGroups/MAT_Groups_Fade.uasset" 94
"../../../Engine/Content/EditorMaterials/MatineeGroups/MAT_Groups_Float.uasset" 95
"../../../Engine/Content/EditorMaterials/MatineeGroups/MAT_Groups_Move.uasset" 96
"../../../Engine/Content/EditorMaterials/MatineeGroups/MAT_Groups_Slomo.uasset" 97
"../../../Engine/Content/EditorMaterials/MatineeGroups/MAT_Groups_Sound.uasset" 98
"../../../Engine/Content/EditorMaterials/MatineeGroups/MAT_Groups_Vector.uasset" 99
"../../../Engine/Content/EditorMaterials/ParticleSystems/PSysThumbnail_NoImage.uasset" 100
"../../../Engine/Content/EditorMaterials/ParticleSystems/PSysThumbnail_OOD.uasset" 101
"../../../Engine/Content/EditorMaterials/Camera/CineMat.uasset" 102
"../../../Engine/Content/EditorMaterials/Camera/MI_CineMat_Rig.uasset" 103
"../../../Engine/Content/EditorMeshes/Camera/SM_CraneRig_Arm.uasset" 104
"../../../Engine/Content/EditorMeshes/Camera/SM_CraneRig_Base.uasset" 105
"../../../Engine/Content/EditorMeshes/Camera/SM_CraneRig_Body.uasset" 106
"../../../Engine/Content/EditorMeshes/Camera/SM_CraneRig_Mount.uasset" 107
"../../../Engine/Content/EditorMeshes/Camera/SM_RailRig_Mount.uasset" 108
"../../../Engine/Content/EditorMeshes/Camera/SM_RailRig_Track.uasset" 109
"../../../Engine/Content/EditorResources/BSPVertex.uasset" 110
"../../../Engine/Content/EditorResources/EmptyActor.uasset" 111
"../../../Engine/Content/EditorResources/S_Actor.uasset" 112
"../../../Engine/Content/EditorResources/S_Note.uasset" 113
"../../../Engine/Content/EditorResources/S_Solver.uasset" 114
"../../../Engine/Content/EditorResources/S_Trigger.uasset" 115
"../../../Engine/Content/EditorResources/LightIcons/S_LightError.uasset" 116
"../../../Engine/Content/EditorResources/SequenceRecorder/Countdown.uasset" 117
"../../../Engine/Content/EditorResources/SequenceRecorder/RecordingIndicator.uasset" 118
"../../../Engine/Content/EditorSounds/Notifications/CompileFailed.uasset" 119
"../../../Engine/Content/EditorSounds/Notifications/CompileFailed_Cue.uasset" 120
"../../../Engine/Content/EditorSounds/Notifications/CompileSuccess.uasset" 121
"../../../Engine/Content/EditorSounds/Notifications/CompileStart_Cue.uasset" 122
"../../../Engine/Content/EditorSounds/Notifications/CompileSuccess_Cue.uasset" 123
"../../../Engine/Content/EngineDamageTypes/DmgTypeBP_Environmental.uasset" 124
"../../../Engine/Content/EngineDebugMaterials/DebugEditorMaterial.uasset" 125
"../../../Engine/Content/EngineDebugMaterials/DebugMeshMaterial.uasset" 126
"../../../Engine/Content/EngineDebugMaterials/M_SimpleTranslucent.uasset" 127
"../../../Engine/Content/Functions/Engine_MaterialFunctions02/Utility/CameraDirectionVector.uasset" 128
"../../../Engine/Content/EngineDebugMaterials/VolumeToRender.uasset" 129
"../../../Engine/Content/EngineDebugMaterials/M_VolumeRenderSphereTracePP.uasset" 130
"../../../Engine/Content/EngineDebugMaterials/WireframeMaterial.uasset" 131
"../../../Engine/Content/EngineFonts/Faces/DroidSansFallback.uasset" 132
"../../../Engine/Content/EngineFonts/Faces/RobotoBold.uasset" 133
"../../../Engine/Content/EngineFonts/Faces/RobotoBoldItalic.uasset" 134
"../../../Engine/Content/EngineFonts/Faces/RobotoItalic.uasset" 135
"../../../Engine/Content/EngineFonts/Faces/RobotoLight.uasset" 136
"../../../Engine/Content/EngineFonts/Faces/RobotoRegular.uasset" 137
"../../../Engine/Content/EngineFonts/Roboto.uasset" 138
"../../../Engine/Content/EngineMaterials/BaseFlattenDiffuseMap.uasset" 139
"../../../Engine/Content/EngineMaterials/BaseFlattenEmissiveMap.uasset" 140
"../../../Engine/Content/EngineMaterials/BaseFlattenGrayscaleMap.uasset" 141
"../../../Engine/Content/EngineMaterials/BaseFlattenNormalMap.uasset" 142
"../../../Engine/Content/EngineMaterials/BaseFlattenMaterial.uasset" 143
"../../../Engine/Content/EngineMaterials/BlueNoise.uasset" 144
"../../../Engine/Content/EngineMaterials/DefaultBloomKernel.uasset" 145
"../../../Engine/Content/EngineMaterials/DefaultBokeh.uasset" 146
"../../../Engine/Content/EngineMaterials/DefaultDiffuse.uasset" 147
"../../../Engine/Content/EngineMaterials/DefaultDeferredDecalMaterial.uasset" 148
"../../../Engine/Content/EngineMaterials/DefaultLightFunctionMaterial.uasset" 149
"../../../Engine/Content/EngineMaterials/DefaultPhysicalMaterial.uasset" 150
"../../../Engine/Content/Functions/Engine_MaterialFunctions02/Utility/BreakOutFloat2Components.uasset" 151
"../../../Engine/Content/EngineMaterials/DefaultPostProcessMaterial.uasset" 152
"../../../Engine/Content/EngineFonts/RobotoDistanceField.uasset" 153
"../../../Engine/Content/EngineMaterials/DefaultTextMaterialOpaque.uasset" 154
"../../../Engine/Content/EngineMaterials/DefaultVirtualTextureMaterial.uasset" 155
"../../../Engine/Content/EngineMaterials/DefaultWhiteGrid.uasset" 156
"../../../Engine/Content/EngineMaterials/DefaultWhiteGrid_Low.uasset" 157
"../../../Engine/Content/EngineMaterials/EmissiveMeshMaterial.uasset" 158
"../../../Engine/Content/EngineMaterials/GizmoMaterial.uasset" 159
"../../../Engine/Content/EngineMaterials/Good64x64TilingNoiseHighFreq.uasset" 160
"../../../Engine/Content/EngineMaterials/HairDefaultMaterial.uasset" 161
"../../../Engine/Content/EngineMaterials/MiniFont.uasset" 162
"../../../Engine/Content/EngineMaterials/InvalidLightmapSettings.uasset" 163
"../../../Engine/Content/EngineMaterials/M_InvalidLightmapSettings.uasset" 164
"../../../Engine/Content/Functions/Engine_MaterialFunctions02/WorldPositionOffset/CameraOffset.uasset" 165
"../../../Engine/Content/EngineMaterials/PhAT_JointLimitMaterial.uasset" 166
"../../../Engine/Content/EngineMaterials/PreintegratedSkinBRDF.uasset" 167
"../../../Engine/Content/EngineMaterials/RemoveSurfaceMaterial.uasset" 168
"../../../Engine/Content/EngineMaterials/WeightMapPlaceholderTexture.uasset" 169
"../../../Engine/Content/EngineResources/WhiteSquareTexture.uasset" 170
"../../../Engine/Content/EngineMaterials/Widget3DPassThrough.uasset" 171
"../../../Engine/Content/EngineMaterials/Widget3DPassThrough_Masked.uasset" 172
"../../../Engine/Content/EngineMaterials/Widget3DPassThrough_Opaque.uasset" 173
"../../../Engine/Content/EngineMaterials/Widget3DPassThrough_Masked_OneSided.uasset" 174
"../../../Engine/Content/EngineMaterials/Widget3DPassThrough_Opaque_OneSided.uasset" 175
"../../../Engine/Content/EngineMaterials/Widget3DPassThrough_Translucent.uasset" 176
"../../../Engine/Content/EngineMaterials/Widget3DPassThrough_Translucent_OneSided.uasset" 177
"../../../Engine/Content/EngineMeshes/Cylinder.uasset" 178
"../../../Engine/Content/EngineMeshes/Sphere.uasset" 179
"../../../Engine/Content/EngineResources/Black.uasset" 180
"../../../Engine/Content/EngineResources/DefaultTexture.uasset" 181
"../../../Engine/Content/EngineResources/DefaultTextureCube.uasset" 182
"../../../Engine/Content/EngineResources/DefaultVolumeTexture2D.uasset" 183
"../../../Engine/Content/EngineResources/DefaultVolumeTexture.uasset" 184
"../../../Engine/Content/EngineResources/GradientTexture0.uasset" 185
"../../../Engine/Content/EngineSounds/Master.uasset" 186
"../../../Engine/Content/Functions/Engine_MaterialFunctions01/Shading/ConvertFromDiffSpec.uasset" 187
"../../../Engine/Content/Functions/Engine_MaterialFunctions01/Shading/PowerToRoughness.uasset" 188
"../../../Engine/Content/Maps/Templates/Thumbnails/Default.uasset" 189
"../../../Engine/Content/Maps/Templates/Thumbnails/TimeOfDay.uasset" 190
"../../../Engine/Content/Maps/Templates/Thumbnails/VR-Basic.uasset" 191
"../../../Engine/Content/MobileResources/T_MobileControls_texture.uasset" 192
"../../../Engine/Content/MobileResources/T_MobileMenu2.uasset" 193
"../../../Engine/Content/MobileResources/HUD/AnalogHat.uasset" 194
"../../../Engine/Content/MobileResources/HUD/VirtualJoystick_Background.uasset" 195
"../../../Engine/Content/MobileResources/HUD/VirtualJoystick_Thumb.uasset" 196
"../../../Engine/Content/MobileResources/HUD/DefaultVirtualJoysticks.uasset" 197
"../../../Engine/Content/MobileResources/HUD/LeftVirtualJoystickOnly.uasset" 198
"../../../Engine/Content/MobileResources/HUD/MobileHUDButton1_off.uasset" 199
"../../../Engine/Content/MobileResources/HUD/MobileHUDButton1_on.uasset" 200
"../../../Engine/Content/MobileResources/HUD/MobileHUDButton2_off.uasset" 201
"../../../Engine/Content/MobileResources/HUD/MobileHUDButton2_on.uasset" 202
"../../../Engine/Content/MobileResources/HUD/MobileHUDButton3.uasset" 203
"../../../Engine/Content/MobileResources/HUD/MobileHUDButtonFire.uasset" 204
"../../../Engine/Content/MobileResources/HUD/MobileHUDDirectionPad.uasset" 205
"../../../Engine/Content/MobileResources/HUD/MobileHUDDirectionPad2.uasset" 206
"../../../Engine/Content/MobileResources/HUD/MobileHUDDirectionPad3.uasset" 207
"../../../Engine/Content/MobileResources/HUD/MobileHUDDirectionStick.uasset" 208
"../../../Engine/Content/MobileResources/HUD/T_Castle_ThumbstickInner.uasset" 209
"../../../Engine/Content/MobileResources/HUD/T_Castle_ThumbstickOutter.uasset" 210
"../../../Engine/Content/Tutorial/ContentIntroCurve.uasset" 211
"../../../Engine/Content/Tutorial/Basics/LevelEditorAttract.uasset" 212
"../../../Engine/Content/VREditor/LaserPointer/VR_LaserPower_01.uasset" 213
"../../../Engine/Content/VREditor/TransformGizmo/TransformGizmoMaterial.uasset" 214
"../../../Engine/Content/VREditor/TransformGizmo/TranslucentTransformGizmoMaterial.uasset" 215
"../../../Engine/Content/VREditor/TransformGizmo/BoundingBoxCorner.uasset" 216
"../../../Engine/Content/VREditor/TransformGizmo/BoundingBoxEdge.uasset" 217
"../../../Engine/Content/VREditor/TransformGizmo/PlaneTranslationHandle.uasset" 218
"../../../Engine/Content/VREditor/TransformGizmo/Main.uasset" 219
"../../../Engine/Content/VREditor/TransformGizmo/Xray.uasset" 220
"../../../Engine/Content/VREditor/TransformGizmo/SM_Sequencer_Key.uasset" 221
"../../../Engine/Content/VREditor/TransformGizmo/SM_Sequencer_Node.uasset" 222
"../../Plugins/2D/Paper2D/Content/PlaceholderTextures/DummySpriteTexture.uasset" 223
"../../Plugins/2D/Paper2D/Content/DummySprite.uasset" 224
"../../Plugins/2D/Paper2D/Content/DefaultPaperTerrainMaterial.uasset" 225
"../../Plugins/2D/Paper2D/Content/DummySpriteTexture.uasset" 226
"../../Plugins/2D/Paper2D/Content/DefaultSpriteMaterial.uasset" 227
"../../Plugins/2D/Paper2D/Content/MaskedUnlitSpriteMaterial.uasset" 228
"../../Plugins/2D/Paper2D/Content/OpaqueUnlitSpriteMaterial.uasset" 229
"../../Plugins/Marketplace/SymbolRecognizerPlugin/Content/SymbolRecognizer/Data/SymbolRecognizerData.uasset" 230
"../../../Engine/Content/Functions/Engine_MaterialFunctions02/Utility/BreakOutFloat4Components.uasset" 231
"../../../Engine/Content/Functions/Engine_MaterialFunctions02/Utility/MakeFloat2.uasset" 232
"../../../Engine/Content/Functions/Engine_MaterialFunctions02/Utility/MakeFloat3.uasset" 233
"../../Plugins/Runtime/Oculus/OculusVR/Content/Materials/OculusMR_ChromaKey.uasset" 234
"../../Plugins/Runtime/Oculus/OculusVR/Content/Materials/OculusMR_ChromaKey_Lit.uasset" 235
"../../Plugins/Runtime/Oculus/OculusVR/Content/Materials/OculusMR_OpaqueColoredMaterial.uasset" 236
"../../Plugins/Runtime/Oculus/OculusVR/Content/Materials/OculusMR_WhiteMaterial.uasset" 237
"H:/Fall classes 2020/project test/Gurn/Content/AI/NPC/Blueprints/CombatInterface.uasset" 238
"H:/Fall classes 2020/project test/Gurn/Content/AI/NPC/ChaseStatus.uasset" 239
"H:/Fall classes 2020/project test/Gurn/Content/AI/NPC/NPC_BB.uasset" 240
"H:/Fall classes 2020/project test/Gurn/Content/AI/NPC/ChangeNPCSpeed.uasset" 241
"H:/Fall classes 2020/project test/Gurn/Content/AI/NPC/ChangeStatus.uasset" 242
"H:/Fall classes 2020/project test/Gurn/Content/AI/NPC/ChasePlayer.uasset" 243
"H:/Fall classes 2020/project test/Gurn/Content/AI/NPC/DecrementPathIndex.uasset" 244
"H:/Fall classes 2020/project test/Gurn/Content/AI/NPC/Blueprints/PatrolPath.uasset" 245
"H:/Fall classes 2020/project test/Gurn/Content/AI/NPC/FindPathPoint.uasset" 246
"H:/Fall classes 2020/project test/Gurn/Content/AI/NPC/FindPlayerLocation.uasset" 247
"H:/Fall classes 2020/project test/Gurn/Content/AI/NPC/FindRandomLocation.uasset" 248
"H:/Fall classes 2020/project test/Gurn/Content/AI/NPC/IncrementPathIndex.uasset" 249
"H:/Fall classes 2020/project test/Gurn/Content/AI/NPC/IsPlayerInRange.uasset" 250
"H:/Fall classes 2020/project test/Gurn/Content/AI/NPC/LoopPath.uasset" 251
"H:/Fall classes 2020/project test/Gurn/Content/AI/NPC/MeleeAttack.uasset" 252
"H:/Fall classes 2020/project test/Gurn/Content/AI/NPC/StopInvestigating.uasset" 253
"H:/Fall classes 2020/project test/Gurn/Content/AI/NPC/NPC_BT.uasset" 254
"H:/Fall classes 2020/project test/Gurn/Content/AI/NPC/Blueprints/NPC_AI.uasset" 255
"H:/Fall classes 2020/project test/Gurn/Content/AI/NPC/Blueprints/NPC.uasset" 256
"H:/Fall classes 2020/project test/Gurn/Content/Levels/SSPrototype_Whitebox_BuiltData.uasset" 257
"../../../Engine/Content/Functions/Engine_MaterialFunctions02/Utility/VectorLength.uasset" 258
"H:/Fall classes 2020/project test/Gurn/Content/UI/SpellCasting/NNML/M_BrushMat.uasset" 259
"H:/Fall classes 2020/project test/Gurn/Content/Effects/blank.uasset" 260
"H:/Fall classes 2020/project test/Gurn/Content/UI/SpellCasting/NNML/M_CanvasMat.uasset" 261
"H:/Fall classes 2020/project test/Gurn/Content/UI/SpellCasting/NNML/CanvasWidget.uasset" 262
"H:/Fall classes 2020/project test/Gurn/Content/Levels/SSPrototype_Whitebox.umap" 263
"../../../Engine/Content/Maps/Entry_BuiltData.uasset" 264
"../../../Engine/Content/Maps/Entry.umap" 265
